2013/03/13 01:09:47 [error] [exception.CDbException] exception 'CDbException' with message 'CDbConnection failed to open the DB connection: SQLSTATE[28000] [1045] Access denied for user 'root'@'localhost' (using password: NO)' in /var/www/yii/framework/db/CDbConnection.php:381
Stack trace:
#0 /var/www/yii/framework/db/CDbConnection.php(330): CDbConnection->open()
#1 /var/www/yii/framework/db/CDbConnection.php(308): CDbConnection->setActive(true)
#2 /var/www/yii/framework/base/CModule.php(387): CDbConnection->init()
#3 /var/www/yii/framework/base/CModule.php(103): CModule->getComponent('db')
#4 /var/www/yii/framework/gii/generators/model/ModelCode.php(57): CModule->__get('db')
#5 /var/www/yii/framework/web/CFormModel.php(39): ModelCode->init()
#6 /var/www/yii/framework/gii/CCodeGenerator.php(153): CFormModel->__construct()
#7 /var/www/yii/framework/gii/CCodeGenerator.php(63): CCodeGenerator->prepare()
#8 /var/www/yii/framework/web/actions/CInlineAction.php(49): CCodeGenerator->actionIndex()
#9 /var/www/yii/framework/web/CController.php(308): CInlineAction->runWithParams(Array)
#10 /var/www/yii/framework/web/CController.php(286): CController->runAction(Object(CInlineAction))
#11 /var/www/yii/framework/web/CController.php(265): CController->runActionWithFilters(Object(CInlineAction), Array)
#12 /var/www/yii/framework/web/CWebApplication.php(282): CController->run('')
#13 /var/www/yii/framework/web/CWebApplication.php(141): CWebApplication->runController('gii/model')
#14 /var/www/yii/framework/base/CApplication.php(169): CWebApplication->processRequest()
#15 /var/www/cluiche/index.php(13): CApplication->run()
#16 {main}
REQUEST_URI=/cluiche/index.php?r=gii/model
HTTP_REFERER=http://localhost/cluiche/index.php?r=gii/default/index
---
2013/03/15 22:30:09 [warning] [application] Failed to set unsafe attribute "alt_comp_name" of "Match".
in /var/www/cluiche/protected/controllers/MatchController.php (72)
in /var/www/cluiche/index.php (13)
2013/03/15 22:30:09 [warning] [application] Failed to set unsafe attribute "section" of "Match".
in /var/www/cluiche/protected/controllers/MatchController.php (72)
in /var/www/cluiche/index.php (13)
2013/03/15 22:30:09 [warning] [application] Failed to set unsafe attribute "stage" of "Match".
in /var/www/cluiche/protected/controllers/MatchController.php (72)
in /var/www/cluiche/index.php (13)
2013/03/15 22:33:12 [warning] [application] Failed to set unsafe attribute "alt_comp_name" of "Match".
in /var/www/cluiche/protected/controllers/MatchController.php (96)
in /var/www/cluiche/index.php (13)
2013/03/15 22:33:12 [warning] [application] Failed to set unsafe attribute "section" of "Match".
in /var/www/cluiche/protected/controllers/MatchController.php (96)
in /var/www/cluiche/index.php (13)
2013/03/15 22:33:12 [warning] [application] Failed to set unsafe attribute "stage" of "Match".
in /var/www/cluiche/protected/controllers/MatchController.php (96)
in /var/www/cluiche/index.php (13)
2013/03/16 00:37:47 [error] [php] Undefined variable: codes_list (/var/www/cluiche/protected/views/match/_form.php:37)
Stack trace:
#0 /var/www/yii/framework/web/CController.php(869): MatchController->renderFile()
#1 /var/www/cluiche/protected/views/match/create.php(18): MatchController->renderPartial()
#2 /var/www/yii/framework/web/CBaseController.php(126): require()
#3 /var/www/yii/framework/web/CBaseController.php(95): MatchController->renderInternal()
#4 /var/www/yii/framework/web/CController.php(869): MatchController->renderFile()
#5 /var/www/yii/framework/web/CController.php(782): MatchController->renderPartial()
#6 /var/www/cluiche/protected/controllers/MatchController.php(79): MatchController->render()
#7 /var/www/yii/framework/web/actions/CInlineAction.php(49): MatchController->actionCreate()
#8 /var/www/yii/framework/web/CController.php(308): CInlineAction->runWithParams()
#9 /var/www/yii/framework/web/filters/CFilterChain.php(133): MatchController->runAction()
#10 /var/www/yii/framework/web/filters/CFilter.php(40): CFilterChain->run()
#11 /var/www/yii/framework/web/CController.php(1145): CAccessControlFilter->filter()
#12 /var/www/yii/framework/web/filters/CInlineFilter.php(58): MatchController->filterAccessControl()
#13 /var/www/yii/framework/web/filters/CFilterChain.php(130): CInlineFilter->filter()
#14 /var/www/yii/framework/web/CController.php(291): CFilterChain->run()
#15 /var/www/yii/framework/web/CController.php(265): MatchController->runActionWithFilters()
#16 /var/www/yii/framework/web/CWebApplication.php(282): MatchController->run()
#17 /var/www/yii/framework/web/CWebApplication.php(141): CWebApplication->runController()
#18 /var/www/yii/framework/base/CApplication.php(169): CWebApplication->processRequest()
#19 /var/www/cluiche/index.php(13): CWebApplication->run()
REQUEST_URI=/cluiche/index.php?r=match/create
in /var/www/cluiche/protected/views/match/_form.php (37)
in /var/www/cluiche/protected/views/match/create.php (18)
in /var/www/cluiche/protected/controllers/MatchController.php (79)
2013/03/16 00:39:29 [error] [exception.CException] exception 'CException' with message 'Property "Match.field_name" is not defined.' in /var/www/yii/framework/base/CComponent.php:130
Stack trace:
#0 /var/www/yii/framework/db/ar/CActiveRecord.php(143): CComponent->__get('field_name')
#1 /var/www/yii/framework/web/helpers/CHtml.php(2255): CActiveRecord->__get('field_name')
#2 /var/www/yii/framework/web/helpers/CHtml.php(1565): CHtml::resolveValue(Object(Match), 'field_name')
#3 /var/www/yii/framework/web/widgets/CActiveForm.php(763): CHtml::activeDropDownList(Object(Match), 'field_name', Array, Array)
#4 /var/www/cluiche/protected/views/match/_form.php(39): CActiveForm->dropDownList(Object(Match), 'field_name', Array)
#5 /var/www/yii/framework/web/CBaseController.php(126): require('/var/www/cluich...')
#6 /var/www/yii/framework/web/CBaseController.php(95): CBaseController->renderInternal('/var/www/cluich...', Array, true)
#7 /var/www/yii/framework/web/CController.php(869): CBaseController->renderFile('/var/www/cluich...', Array, true)
#8 /var/www/cluiche/protected/views/match/create.php(18): CController->renderPartial('_form', Array)
#9 /var/www/yii/framework/web/CBaseController.php(126): require('/var/www/cluich...')
#10 /var/www/yii/framework/web/CBaseController.php(95): CBaseController->renderInternal('/var/www/cluich...', Array, true)
#11 /var/www/yii/framework/web/CController.php(869): CBaseController->renderFile('/var/www/cluich...', Array, true)
#12 /var/www/yii/framework/web/CController.php(782): CController->renderPartial('create', Array, true)
#13 /var/www/cluiche/protected/controllers/MatchController.php(79): CController->render('create', Array)
#14 /var/www/yii/framework/web/actions/CInlineAction.php(49): MatchController->actionCreate()
#15 /var/www/yii/framework/web/CController.php(308): CInlineAction->runWithParams(Array)
#16 /var/www/yii/framework/web/filters/CFilterChain.php(133): CController->runAction(Object(CInlineAction))
#17 /var/www/yii/framework/web/filters/CFilter.php(40): CFilterChain->run()
#18 /var/www/yii/framework/web/CController.php(1145): CFilter->filter(Object(CFilterChain))
#19 /var/www/yii/framework/web/filters/CInlineFilter.php(58): CController->filterAccessControl(Object(CFilterChain))
#20 /var/www/yii/framework/web/filters/CFilterChain.php(130): CInlineFilter->filter(Object(CFilterChain))
#21 /var/www/yii/framework/web/CController.php(291): CFilterChain->run()
#22 /var/www/yii/framework/web/CController.php(265): CController->runActionWithFilters(Object(CInlineAction), Array)
#23 /var/www/yii/framework/web/CWebApplication.php(282): CController->run('create')
#24 /var/www/yii/framework/web/CWebApplication.php(141): CWebApplication->runController('match/create')
#25 /var/www/yii/framework/base/CApplication.php(169): CWebApplication->processRequest()
#26 /var/www/cluiche/index.php(13): CApplication->run()
#27 {main}
REQUEST_URI=/cluiche/index.php?r=match/create
HTTP_REFERER=http://localhost/cluiche/index.php?r=match/view&id=1
---
2013/03/16 22:29:37 [error] [exception.CHttpException.403] exception 'CHttpException' with message 'You are not authorized to perform this action.' in /var/www/yii/framework/web/auth/CAccessControlFilter.php:179
Stack trace:
#0 /var/www/yii/framework/web/auth/CAccessControlFilter.php(142): CAccessControlFilter->accessDenied(Object(CWebUser), 'You are not aut...')
#1 /var/www/yii/framework/web/filters/CFilter.php(38): CAccessControlFilter->preFilter(Object(CFilterChain))
#2 /var/www/yii/framework/web/CController.php(1145): CFilter->filter(Object(CFilterChain))
#3 /var/www/yii/framework/web/filters/CInlineFilter.php(58): CController->filterAccessControl(Object(CFilterChain))
#4 /var/www/yii/framework/web/filters/CFilterChain.php(130): CInlineFilter->filter(Object(CFilterChain))
#5 /var/www/yii/framework/web/CController.php(291): CFilterChain->run()
#6 /var/www/yii/framework/web/CController.php(265): CController->runActionWithFilters(Object(CInlineAction), Array)
#7 /var/www/yii/framework/web/CWebApplication.php(282): CController->run('autocompleteRef...')
#8 /var/www/yii/framework/web/CWebApplication.php(141): CWebApplication->runController('match/autocompl...')
#9 /var/www/yii/framework/base/CApplication.php(169): CWebApplication->processRequest()
#10 /var/www/cluiche/index.php(13): CApplication->run()
#11 {main}
REQUEST_URI=/cluiche/index.php?r=match/autocompleteReferee&term=P
HTTP_REFERER=http://localhost/cluiche/index.php?r=match/create
---
2013/03/16 22:29:50 [error] [exception.CHttpException.403] exception 'CHttpException' with message 'You are not authorized to perform this action.' in /var/www/yii/framework/web/auth/CAccessControlFilter.php:179
Stack trace:
#0 /var/www/yii/framework/web/auth/CAccessControlFilter.php(142): CAccessControlFilter->accessDenied(Object(CWebUser), 'You are not aut...')
#1 /var/www/yii/framework/web/filters/CFilter.php(38): CAccessControlFilter->preFilter(Object(CFilterChain))
#2 /var/www/yii/framework/web/CController.php(1145): CFilter->filter(Object(CFilterChain))
#3 /var/www/yii/framework/web/filters/CInlineFilter.php(58): CController->filterAccessControl(Object(CFilterChain))
#4 /var/www/yii/framework/web/filters/CFilterChain.php(130): CInlineFilter->filter(Object(CFilterChain))
#5 /var/www/yii/framework/web/CController.php(291): CFilterChain->run()
#6 /var/www/yii/framework/web/CController.php(265): CController->runActionWithFilters(Object(CInlineAction), Array)
#7 /var/www/yii/framework/web/CWebApplication.php(282): CController->run('autocompleteRef...')
#8 /var/www/yii/framework/web/CWebApplication.php(141): CWebApplication->runController('match/autocompl...')
#9 /var/www/yii/framework/base/CApplication.php(169): CWebApplication->processRequest()
#10 /var/www/cluiche/index.php(13): CApplication->run()
#11 {main}
REQUEST_URI=/cluiche/index.php?r=match/autocompleteReferee&term=Pat
HTTP_REFERER=http://localhost/cluiche/index.php?r=match/create
---
2013/03/16 22:30:52 [error] [exception.CHttpException.403] exception 'CHttpException' with message 'You are not authorized to perform this action.' in /var/www/yii/framework/web/auth/CAccessControlFilter.php:179
Stack trace:
#0 /var/www/yii/framework/web/auth/CAccessControlFilter.php(142): CAccessControlFilter->accessDenied(Object(CWebUser), 'You are not aut...')
#1 /var/www/yii/framework/web/filters/CFilter.php(38): CAccessControlFilter->preFilter(Object(CFilterChain))
#2 /var/www/yii/framework/web/CController.php(1145): CFilter->filter(Object(CFilterChain))
#3 /var/www/yii/framework/web/filters/CInlineFilter.php(58): CController->filterAccessControl(Object(CFilterChain))
#4 /var/www/yii/framework/web/filters/CFilterChain.php(130): CInlineFilter->filter(Object(CFilterChain))
#5 /var/www/yii/framework/web/CController.php(291): CFilterChain->run()
#6 /var/www/yii/framework/web/CController.php(265): CController->runActionWithFilters(Object(CInlineAction), Array)
#7 /var/www/yii/framework/web/CWebApplication.php(282): CController->run('autocompleteRef...')
#8 /var/www/yii/framework/web/CWebApplication.php(141): CWebApplication->runController('match/autocompl...')
#9 /var/www/yii/framework/base/CApplication.php(169): CWebApplication->processRequest()
#10 /var/www/cluiche/index.php(13): CApplication->run()
#11 {main}
REQUEST_URI=/cluiche/index.php?r=match/autocompleteReferee&term=P
HTTP_REFERER=http://localhost/cluiche/index.php?r=match/create
---
2013/03/16 22:30:54 [error] [exception.CHttpException.403] exception 'CHttpException' with message 'You are not authorized to perform this action.' in /var/www/yii/framework/web/auth/CAccessControlFilter.php:179
Stack trace:
#0 /var/www/yii/framework/web/auth/CAccessControlFilter.php(142): CAccessControlFilter->accessDenied(Object(CWebUser), 'You are not aut...')
#1 /var/www/yii/framework/web/filters/CFilter.php(38): CAccessControlFilter->preFilter(Object(CFilterChain))
#2 /var/www/yii/framework/web/CController.php(1145): CFilter->filter(Object(CFilterChain))
#3 /var/www/yii/framework/web/filters/CInlineFilter.php(58): CController->filterAccessControl(Object(CFilterChain))
#4 /var/www/yii/framework/web/filters/CFilterChain.php(130): CInlineFilter->filter(Object(CFilterChain))
#5 /var/www/yii/framework/web/CController.php(291): CFilterChain->run()
#6 /var/www/yii/framework/web/CController.php(265): CController->runActionWithFilters(Object(CInlineAction), Array)
#7 /var/www/yii/framework/web/CWebApplication.php(282): CController->run('autocompleteRef...')
#8 /var/www/yii/framework/web/CWebApplication.php(141): CWebApplication->runController('match/autocompl...')
#9 /var/www/yii/framework/base/CApplication.php(169): CWebApplication->processRequest()
#10 /var/www/cluiche/index.php(13): CApplication->run()
#11 {main}
REQUEST_URI=/cluiche/index.php?r=match/autocompleteReferee&term=Pat
HTTP_REFERER=http://localhost/cluiche/index.php?r=match/create
---
2013/03/16 22:31:02 [error] [exception.CHttpException.403] exception 'CHttpException' with message 'You are not authorized to perform this action.' in /var/www/yii/framework/web/auth/CAccessControlFilter.php:179
Stack trace:
#0 /var/www/yii/framework/web/auth/CAccessControlFilter.php(142): CAccessControlFilter->accessDenied(Object(CWebUser), 'You are not aut...')
#1 /var/www/yii/framework/web/filters/CFilter.php(38): CAccessControlFilter->preFilter(Object(CFilterChain))
#2 /var/www/yii/framework/web/CController.php(1145): CFilter->filter(Object(CFilterChain))
#3 /var/www/yii/framework/web/filters/CInlineFilter.php(58): CController->filterAccessControl(Object(CFilterChain))
#4 /var/www/yii/framework/web/filters/CFilterChain.php(130): CInlineFilter->filter(Object(CFilterChain))
#5 /var/www/yii/framework/web/CController.php(291): CFilterChain->run()
#6 /var/www/yii/framework/web/CController.php(265): CController->runActionWithFilters(Object(CInlineAction), Array)
#7 /var/www/yii/framework/web/CWebApplication.php(282): CController->run('autocompleteRef...')
#8 /var/www/yii/framework/web/CWebApplication.php(141): CWebApplication->runController('match/autocompl...')
#9 /var/www/yii/framework/base/CApplication.php(169): CWebApplication->processRequest()
#10 /var/www/cluiche/index.php(13): CApplication->run()
#11 {main}
REQUEST_URI=/cluiche/index.php?r=match/autocompleteReferee&term=P
HTTP_REFERER=http://localhost/cluiche/index.php?r=match/create
---
2013/03/16 22:31:03 [error] [exception.CHttpException.403] exception 'CHttpException' with message 'You are not authorized to perform this action.' in /var/www/yii/framework/web/auth/CAccessControlFilter.php:179
Stack trace:
#0 /var/www/yii/framework/web/auth/CAccessControlFilter.php(142): CAccessControlFilter->accessDenied(Object(CWebUser), 'You are not aut...')
#1 /var/www/yii/framework/web/filters/CFilter.php(38): CAccessControlFilter->preFilter(Object(CFilterChain))
#2 /var/www/yii/framework/web/CController.php(1145): CFilter->filter(Object(CFilterChain))
#3 /var/www/yii/framework/web/filters/CInlineFilter.php(58): CController->filterAccessControl(Object(CFilterChain))
#4 /var/www/yii/framework/web/filters/CFilterChain.php(130): CInlineFilter->filter(Object(CFilterChain))
#5 /var/www/yii/framework/web/CController.php(291): CFilterChain->run()
#6 /var/www/yii/framework/web/CController.php(265): CController->runActionWithFilters(Object(CInlineAction), Array)
#7 /var/www/yii/framework/web/CWebApplication.php(282): CController->run('autocompleteRef...')
#8 /var/www/yii/framework/web/CWebApplication.php(141): CWebApplication->runController('match/autocompl...')
#9 /var/www/yii/framework/base/CApplication.php(169): CWebApplication->processRequest()
#10 /var/www/cluiche/index.php(13): CApplication->run()
#11 {main}
REQUEST_URI=/cluiche/index.php?r=match/autocompleteReferee&term=Pat
HTTP_REFERER=http://localhost/cluiche/index.php?r=match/create
---
2013/03/16 22:32:48 [error] [exception.CHttpException.403] exception 'CHttpException' with message 'You are not authorized to perform this action.' in /var/www/yii/framework/web/auth/CAccessControlFilter.php:179
Stack trace:
#0 /var/www/yii/framework/web/auth/CAccessControlFilter.php(142): CAccessControlFilter->accessDenied(Object(CWebUser), 'You are not aut...')
#1 /var/www/yii/framework/web/filters/CFilter.php(38): CAccessControlFilter->preFilter(Object(CFilterChain))
#2 /var/www/yii/framework/web/CController.php(1145): CFilter->filter(Object(CFilterChain))
#3 /var/www/yii/framework/web/filters/CInlineFilter.php(58): CController->filterAccessControl(Object(CFilterChain))
#4 /var/www/yii/framework/web/filters/CFilterChain.php(130): CInlineFilter->filter(Object(CFilterChain))
#5 /var/www/yii/framework/web/CController.php(291): CFilterChain->run()
#6 /var/www/yii/framework/web/CController.php(265): CController->runActionWithFilters(Object(CInlineAction), Array)
#7 /var/www/yii/framework/web/CWebApplication.php(282): CController->run('autocompleteRef...')
#8 /var/www/yii/framework/web/CWebApplication.php(141): CWebApplication->runController('match/autocompl...')
#9 /var/www/yii/framework/base/CApplication.php(169): CWebApplication->processRequest()
#10 /var/www/cluiche/index.php(13): CApplication->run()
#11 {main}
REQUEST_URI=/cluiche/index.php?r=match/autocompleteReferee&term=P
HTTP_REFERER=http://localhost/cluiche/index.php?r=match/create
---
2013/03/16 22:32:50 [error] [exception.CHttpException.403] exception 'CHttpException' with message 'You are not authorized to perform this action.' in /var/www/yii/framework/web/auth/CAccessControlFilter.php:179
Stack trace:
#0 /var/www/yii/framework/web/auth/CAccessControlFilter.php(142): CAccessControlFilter->accessDenied(Object(CWebUser), 'You are not aut...')
#1 /var/www/yii/framework/web/filters/CFilter.php(38): CAccessControlFilter->preFilter(Object(CFilterChain))
#2 /var/www/yii/framework/web/CController.php(1145): CFilter->filter(Object(CFilterChain))
#3 /var/www/yii/framework/web/filters/CInlineFilter.php(58): CController->filterAccessControl(Object(CFilterChain))
#4 /var/www/yii/framework/web/filters/CFilterChain.php(130): CInlineFilter->filter(Object(CFilterChain))
#5 /var/www/yii/framework/web/CController.php(291): CFilterChain->run()
#6 /var/www/yii/framework/web/CController.php(265): CController->runActionWithFilters(Object(CInlineAction), Array)
#7 /var/www/yii/framework/web/CWebApplication.php(282): CController->run('autocompleteRef...')
#8 /var/www/yii/framework/web/CWebApplication.php(141): CWebApplication->runController('match/autocompl...')
#9 /var/www/yii/framework/base/CApplication.php(169): CWebApplication->processRequest()
#10 /var/www/cluiche/index.php(13): CApplication->run()
#11 {main}
REQUEST_URI=/cluiche/index.php?r=match/autocompleteReferee&term=Pat
HTTP_REFERER=http://localhost/cluiche/index.php?r=match/create
---
2013/03/16 22:32:53 [error] [exception.CHttpException.403] exception 'CHttpException' with message 'You are not authorized to perform this action.' in /var/www/yii/framework/web/auth/CAccessControlFilter.php:179
Stack trace:
#0 /var/www/yii/framework/web/auth/CAccessControlFilter.php(142): CAccessControlFilter->accessDenied(Object(CWebUser), 'You are not aut...')
#1 /var/www/yii/framework/web/filters/CFilter.php(38): CAccessControlFilter->preFilter(Object(CFilterChain))
#2 /var/www/yii/framework/web/CController.php(1145): CFilter->filter(Object(CFilterChain))
#3 /var/www/yii/framework/web/filters/CInlineFilter.php(58): CController->filterAccessControl(Object(CFilterChain))
#4 /var/www/yii/framework/web/filters/CFilterChain.php(130): CInlineFilter->filter(Object(CFilterChain))
#5 /var/www/yii/framework/web/CController.php(291): CFilterChain->run()
#6 /var/www/yii/framework/web/CController.php(265): CController->runActionWithFilters(Object(CInlineAction), Array)
#7 /var/www/yii/framework/web/CWebApplication.php(282): CController->run('autocompleteRef...')
#8 /var/www/yii/framework/web/CWebApplication.php(141): CWebApplication->runController('match/autocompl...')
#9 /var/www/yii/framework/base/CApplication.php(169): CWebApplication->processRequest()
#10 /var/www/cluiche/index.php(13): CApplication->run()
#11 {main}
REQUEST_URI=/cluiche/index.php?r=match/autocompleteReferee&term=J
HTTP_REFERER=http://localhost/cluiche/index.php?r=match/create
---
2013/03/16 22:32:54 [error] [exception.CHttpException.403] exception 'CHttpException' with message 'You are not authorized to perform this action.' in /var/www/yii/framework/web/auth/CAccessControlFilter.php:179
Stack trace:
#0 /var/www/yii/framework/web/auth/CAccessControlFilter.php(142): CAccessControlFilter->accessDenied(Object(CWebUser), 'You are not aut...')
#1 /var/www/yii/framework/web/filters/CFilter.php(38): CAccessControlFilter->preFilter(Object(CFilterChain))
#2 /var/www/yii/framework/web/CController.php(1145): CFilter->filter(Object(CFilterChain))
#3 /var/www/yii/framework/web/filters/CInlineFilter.php(58): CController->filterAccessControl(Object(CFilterChain))
#4 /var/www/yii/framework/web/filters/CFilterChain.php(130): CInlineFilter->filter(Object(CFilterChain))
#5 /var/www/yii/framework/web/CController.php(291): CFilterChain->run()
#6 /var/www/yii/framework/web/CController.php(265): CController->runActionWithFilters(Object(CInlineAction), Array)
#7 /var/www/yii/framework/web/CWebApplication.php(282): CController->run('autocompleteRef...')
#8 /var/www/yii/framework/web/CWebApplication.php(141): CWebApplication->runController('match/autocompl...')
#9 /var/www/yii/framework/base/CApplication.php(169): CWebApplication->processRequest()
#10 /var/www/cluiche/index.php(13): CApplication->run()
#11 {main}
REQUEST_URI=/cluiche/index.php?r=match/autocompleteReferee&term=Jam
HTTP_REFERER=http://localhost/cluiche/index.php?r=match/create
---
2013/03/16 22:32:55 [error] [exception.CHttpException.403] exception 'CHttpException' with message 'You are not authorized to perform this action.' in /var/www/yii/framework/web/auth/CAccessControlFilter.php:179
Stack trace:
#0 /var/www/yii/framework/web/auth/CAccessControlFilter.php(142): CAccessControlFilter->accessDenied(Object(CWebUser), 'You are not aut...')
#1 /var/www/yii/framework/web/filters/CFilter.php(38): CAccessControlFilter->preFilter(Object(CFilterChain))
#2 /var/www/yii/framework/web/CController.php(1145): CFilter->filter(Object(CFilterChain))
#3 /var/www/yii/framework/web/filters/CInlineFilter.php(58): CController->filterAccessControl(Object(CFilterChain))
#4 /var/www/yii/framework/web/filters/CFilterChain.php(130): CInlineFilter->filter(Object(CFilterChain))
#5 /var/www/yii/framework/web/CController.php(291): CFilterChain->run()
#6 /var/www/yii/framework/web/CController.php(265): CController->runActionWithFilters(Object(CInlineAction), Array)
#7 /var/www/yii/framework/web/CWebApplication.php(282): CController->run('autocompleteRef...')
#8 /var/www/yii/framework/web/CWebApplication.php(141): CWebApplication->runController('match/autocompl...')
#9 /var/www/yii/framework/base/CApplication.php(169): CWebApplication->processRequest()
#10 /var/www/cluiche/index.php(13): CApplication->run()
#11 {main}
REQUEST_URI=/cluiche/index.php?r=match/autocompleteReferee&term=Jame
HTTP_REFERER=http://localhost/cluiche/index.php?r=match/create
---
2013/03/16 22:33:28 [error] [exception.CHttpException.403] exception 'CHttpException' with message 'You are not authorized to perform this action.' in /var/www/yii/framework/web/auth/CAccessControlFilter.php:179
Stack trace:
#0 /var/www/yii/framework/web/auth/CAccessControlFilter.php(142): CAccessControlFilter->accessDenied(Object(CWebUser), 'You are not aut...')
#1 /var/www/yii/framework/web/filters/CFilter.php(38): CAccessControlFilter->preFilter(Object(CFilterChain))
#2 /var/www/yii/framework/web/CController.php(1145): CFilter->filter(Object(CFilterChain))
#3 /var/www/yii/framework/web/filters/CInlineFilter.php(58): CController->filterAccessControl(Object(CFilterChain))
#4 /var/www/yii/framework/web/filters/CFilterChain.php(130): CInlineFilter->filter(Object(CFilterChain))
#5 /var/www/yii/framework/web/CController.php(291): CFilterChain->run()
#6 /var/www/yii/framework/web/CController.php(265): CController->runActionWithFilters(Object(CInlineAction), Array)
#7 /var/www/yii/framework/web/CWebApplication.php(282): CController->run('autocompleteRef...')
#8 /var/www/yii/framework/web/CWebApplication.php(141): CWebApplication->runController('match/autocompl...')
#9 /var/www/yii/framework/base/CApplication.php(169): CWebApplication->processRequest()
#10 /var/www/cluiche/index.php(13): CApplication->run()
#11 {main}
REQUEST_URI=/cluiche/index.php?r=match/autocompleteReferee&term=J
HTTP_REFERER=http://localhost/cluiche/index.php?r=match/create
---
2013/03/16 22:33:31 [error] [exception.CHttpException.403] exception 'CHttpException' with message 'You are not authorized to perform this action.' in /var/www/yii/framework/web/auth/CAccessControlFilter.php:179
Stack trace:
#0 /var/www/yii/framework/web/auth/CAccessControlFilter.php(142): CAccessControlFilter->accessDenied(Object(CWebUser), 'You are not aut...')
#1 /var/www/yii/framework/web/filters/CFilter.php(38): CAccessControlFilter->preFilter(Object(CFilterChain))
#2 /var/www/yii/framework/web/CController.php(1145): CFilter->filter(Object(CFilterChain))
#3 /var/www/yii/framework/web/filters/CInlineFilter.php(58): CController->filterAccessControl(Object(CFilterChain))
#4 /var/www/yii/framework/web/filters/CFilterChain.php(130): CInlineFilter->filter(Object(CFilterChain))
#5 /var/www/yii/framework/web/CController.php(291): CFilterChain->run()
#6 /var/www/yii/framework/web/CController.php(265): CController->runActionWithFilters(Object(CInlineAction), Array)
#7 /var/www/yii/framework/web/CWebApplication.php(282): CController->run('autocompleteRef...')
#8 /var/www/yii/framework/web/CWebApplication.php(141): CWebApplication->runController('match/autocompl...')
#9 /var/www/yii/framework/base/CApplication.php(169): CWebApplication->processRequest()
#10 /var/www/cluiche/index.php(13): CApplication->run()
#11 {main}
REQUEST_URI=/cluiche/index.php?r=match/autocompleteReferee&term=Jam
HTTP_REFERER=http://localhost/cluiche/index.php?r=match/create
---
2013/03/16 22:42:02 [error] [exception.CHttpException.403] exception 'CHttpException' with message 'You are not authorized to perform this action.' in /var/www/yii/framework/web/auth/CAccessControlFilter.php:179
Stack trace:
#0 /var/www/yii/framework/web/auth/CAccessControlFilter.php(142): CAccessControlFilter->accessDenied(Object(CWebUser), 'You are not aut...')
#1 /var/www/yii/framework/web/filters/CFilter.php(38): CAccessControlFilter->preFilter(Object(CFilterChain))
#2 /var/www/yii/framework/web/CController.php(1145): CFilter->filter(Object(CFilterChain))
#3 /var/www/yii/framework/web/filters/CInlineFilter.php(58): CController->filterAccessControl(Object(CFilterChain))
#4 /var/www/yii/framework/web/filters/CFilterChain.php(130): CInlineFilter->filter(Object(CFilterChain))
#5 /var/www/yii/framework/web/CController.php(291): CFilterChain->run()
#6 /var/www/yii/framework/web/CController.php(265): CController->runActionWithFilters(Object(CInlineAction), Array)
#7 /var/www/yii/framework/web/CWebApplication.php(282): CController->run('autocompleteRef...')
#8 /var/www/yii/framework/web/CWebApplication.php(141): CWebApplication->runController('match/autocompl...')
#9 /var/www/yii/framework/base/CApplication.php(169): CWebApplication->processRequest()
#10 /var/www/cluiche/index.php(13): CApplication->run()
#11 {main}
REQUEST_URI=/cluiche/index.php?r=match/autocompleteReferee&term=P
HTTP_REFERER=http://localhost/cluiche/index.php?r=match/create
---
2013/03/16 22:46:30 [error] [exception.CHttpException.403] exception 'CHttpException' with message 'You are not authorized to perform this action.' in /var/www/yii/framework/web/auth/CAccessControlFilter.php:179
Stack trace:
#0 /var/www/yii/framework/web/auth/CAccessControlFilter.php(142): CAccessControlFilter->accessDenied(Object(CWebUser), 'You are not aut...')
#1 /var/www/yii/framework/web/filters/CFilter.php(38): CAccessControlFilter->preFilter(Object(CFilterChain))
#2 /var/www/yii/framework/web/CController.php(1145): CFilter->filter(Object(CFilterChain))
#3 /var/www/yii/framework/web/filters/CInlineFilter.php(58): CController->filterAccessControl(Object(CFilterChain))
#4 /var/www/yii/framework/web/filters/CFilterChain.php(130): CInlineFilter->filter(Object(CFilterChain))
#5 /var/www/yii/framework/web/CController.php(291): CFilterChain->run()
#6 /var/www/yii/framework/web/CController.php(265): CController->runActionWithFilters(Object(CInlineAction), Array)
#7 /var/www/yii/framework/web/CWebApplication.php(282): CController->run('autocompleteRef...')
#8 /var/www/yii/framework/web/CWebApplication.php(141): CWebApplication->runController('match/autocompl...')
#9 /var/www/yii/framework/base/CApplication.php(169): CWebApplication->processRequest()
#10 /var/www/cluiche/index.php(13): CApplication->run()
#11 {main}
REQUEST_URI=/cluiche/index.php?r=match/autocompleteReferee&term=P
HTTP_REFERER=http://localhost/cluiche/index.php?r=match/create
---
2013/03/16 22:48:53 [error] [exception.CHttpException.403] exception 'CHttpException' with message 'You are not authorized to perform this action.' in /var/www/yii/framework/web/auth/CAccessControlFilter.php:179
Stack trace:
#0 /var/www/yii/framework/web/auth/CAccessControlFilter.php(142): CAccessControlFilter->accessDenied(Object(CWebUser), 'You are not aut...')
#1 /var/www/yii/framework/web/filters/CFilter.php(38): CAccessControlFilter->preFilter(Object(CFilterChain))
#2 /var/www/yii/framework/web/CController.php(1145): CFilter->filter(Object(CFilterChain))
#3 /var/www/yii/framework/web/filters/CInlineFilter.php(58): CController->filterAccessControl(Object(CFilterChain))
#4 /var/www/yii/framework/web/filters/CFilterChain.php(130): CInlineFilter->filter(Object(CFilterChain))
#5 /var/www/yii/framework/web/CController.php(291): CFilterChain->run()
#6 /var/www/yii/framework/web/CController.php(265): CController->runActionWithFilters(Object(CInlineAction), Array)
#7 /var/www/yii/framework/web/CWebApplication.php(282): CController->run('autocompleteRef...')
#8 /var/www/yii/framework/web/CWebApplication.php(141): CWebApplication->runController('match/autocompl...')
#9 /var/www/yii/framework/base/CApplication.php(169): CWebApplication->processRequest()
#10 /var/www/cluiche/index.php(13): CApplication->run()
#11 {main}
REQUEST_URI=/cluiche/index.php?r=match/autocompleteReferee&term=ac
HTTP_REFERER=http://localhost/cluiche/index.php?r=match/create
---
2013/03/16 23:17:30 [error] [exception.CHttpException.403] exception 'CHttpException' with message 'You are not authorized to perform this action.' in /var/www/yii/framework/web/auth/CAccessControlFilter.php:179
Stack trace:
#0 /var/www/yii/framework/web/auth/CAccessControlFilter.php(142): CAccessControlFilter->accessDenied(Object(CWebUser), 'You are not aut...')
#1 /var/www/yii/framework/web/filters/CFilter.php(38): CAccessControlFilter->preFilter(Object(CFilterChain))
#2 /var/www/yii/framework/web/CController.php(1145): CFilter->filter(Object(CFilterChain))
#3 /var/www/yii/framework/web/filters/CInlineFilter.php(58): CController->filterAccessControl(Object(CFilterChain))
#4 /var/www/yii/framework/web/filters/CFilterChain.php(130): CInlineFilter->filter(Object(CFilterChain))
#5 /var/www/yii/framework/web/CController.php(291): CFilterChain->run()
#6 /var/www/yii/framework/web/CController.php(265): CController->runActionWithFilters(Object(CInlineAction), Array)
#7 /var/www/yii/framework/web/CWebApplication.php(282): CController->run('autocompleteRef...')
#8 /var/www/yii/framework/web/CWebApplication.php(141): CWebApplication->runController('match/autocompl...')
#9 /var/www/yii/framework/base/CApplication.php(169): CWebApplication->processRequest()
#10 /var/www/cluiche/index.php(13): CApplication->run()
#11 {main}
REQUEST_URI=/cluiche/index.php?r=match/autocompleteReferee&term=te
HTTP_REFERER=http://localhost/cluiche/index.php?r=match/create
---
2013/03/16 23:17:33 [error] [exception.CHttpException.403] exception 'CHttpException' with message 'You are not authorized to perform this action.' in /var/www/yii/framework/web/auth/CAccessControlFilter.php:179
Stack trace:
#0 /var/www/yii/framework/web/auth/CAccessControlFilter.php(142): CAccessControlFilter->accessDenied(Object(CWebUser), 'You are not aut...')
#1 /var/www/yii/framework/web/filters/CFilter.php(38): CAccessControlFilter->preFilter(Object(CFilterChain))
#2 /var/www/yii/framework/web/CController.php(1145): CFilter->filter(Object(CFilterChain))
#3 /var/www/yii/framework/web/filters/CInlineFilter.php(58): CController->filterAccessControl(Object(CFilterChain))
#4 /var/www/yii/framework/web/filters/CFilterChain.php(130): CInlineFilter->filter(Object(CFilterChain))
#5 /var/www/yii/framework/web/CController.php(291): CFilterChain->run()
#6 /var/www/yii/framework/web/CController.php(265): CController->runActionWithFilters(Object(CInlineAction), Array)
#7 /var/www/yii/framework/web/CWebApplication.php(282): CController->run('autocompleteRef...')
#8 /var/www/yii/framework/web/CWebApplication.php(141): CWebApplication->runController('match/autocompl...')
#9 /var/www/yii/framework/base/CApplication.php(169): CWebApplication->processRequest()
#10 /var/www/cluiche/index.php(13): CApplication->run()
#11 {main}
REQUEST_URI=/cluiche/index.php?r=match/autocompleteReferee&term=ac
HTTP_REFERER=http://localhost/cluiche/index.php?r=match/create
---
2013/03/16 23:17:35 [error] [exception.CHttpException.403] exception 'CHttpException' with message 'You are not authorized to perform this action.' in /var/www/yii/framework/web/auth/CAccessControlFilter.php:179
Stack trace:
#0 /var/www/yii/framework/web/auth/CAccessControlFilter.php(142): CAccessControlFilter->accessDenied(Object(CWebUser), 'You are not aut...')
#1 /var/www/yii/framework/web/filters/CFilter.php(38): CAccessControlFilter->preFilter(Object(CFilterChain))
#2 /var/www/yii/framework/web/CController.php(1145): CFilter->filter(Object(CFilterChain))
#3 /var/www/yii/framework/web/filters/CInlineFilter.php(58): CController->filterAccessControl(Object(CFilterChain))
#4 /var/www/yii/framework/web/filters/CFilterChain.php(130): CInlineFilter->filter(Object(CFilterChain))
#5 /var/www/yii/framework/web/CController.php(291): CFilterChain->run()
#6 /var/www/yii/framework/web/CController.php(265): CController->runActionWithFilters(Object(CInlineAction), Array)
#7 /var/www/yii/framework/web/CWebApplication.php(282): CController->run('autocompleteRef...')
#8 /var/www/yii/framework/web/CWebApplication.php(141): CWebApplication->runController('match/autocompl...')
#9 /var/www/yii/framework/base/CApplication.php(169): CWebApplication->processRequest()
#10 /var/www/cluiche/index.php(13): CApplication->run()
#11 {main}
REQUEST_URI=/cluiche/index.php?r=match/autocompleteReferee&term=a
HTTP_REFERER=http://localhost/cluiche/index.php?r=match/create
---
2013/03/16 23:17:36 [error] [exception.CHttpException.403] exception 'CHttpException' with message 'You are not authorized to perform this action.' in /var/www/yii/framework/web/auth/CAccessControlFilter.php:179
Stack trace:
#0 /var/www/yii/framework/web/auth/CAccessControlFilter.php(142): CAccessControlFilter->accessDenied(Object(CWebUser), 'You are not aut...')
#1 /var/www/yii/framework/web/filters/CFilter.php(38): CAccessControlFilter->preFilter(Object(CFilterChain))
#2 /var/www/yii/framework/web/CController.php(1145): CFilter->filter(Object(CFilterChain))
#3 /var/www/yii/framework/web/filters/CInlineFilter.php(58): CController->filterAccessControl(Object(CFilterChain))
#4 /var/www/yii/framework/web/filters/CFilterChain.php(130): CInlineFilter->filter(Object(CFilterChain))
#5 /var/www/yii/framework/web/CController.php(291): CFilterChain->run()
#6 /var/www/yii/framework/web/CController.php(265): CController->runActionWithFilters(Object(CInlineAction), Array)
#7 /var/www/yii/framework/web/CWebApplication.php(282): CController->run('autocompleteRef...')
#8 /var/www/yii/framework/web/CWebApplication.php(141): CWebApplication->runController('match/autocompl...')
#9 /var/www/yii/framework/base/CApplication.php(169): CWebApplication->processRequest()
#10 /var/www/cluiche/index.php(13): CApplication->run()
#11 {main}
REQUEST_URI=/cluiche/index.php?r=match/autocompleteReferee&term=a
HTTP_REFERER=http://localhost/cluiche/index.php?r=match/create
---
2013/03/16 23:41:31 [error] [exception.CHttpException.403] exception 'CHttpException' with message 'You are not authorized to perform this action.' in /var/www/yii/framework/web/auth/CAccessControlFilter.php:179
Stack trace:
#0 /var/www/yii/framework/web/auth/CAccessControlFilter.php(142): CAccessControlFilter->accessDenied(Object(CWebUser), 'You are not aut...')
#1 /var/www/yii/framework/web/filters/CFilter.php(38): CAccessControlFilter->preFilter(Object(CFilterChain))
#2 /var/www/yii/framework/web/CController.php(1145): CFilter->filter(Object(CFilterChain))
#3 /var/www/yii/framework/web/filters/CInlineFilter.php(58): CController->filterAccessControl(Object(CFilterChain))
#4 /var/www/yii/framework/web/filters/CFilterChain.php(130): CInlineFilter->filter(Object(CFilterChain))
#5 /var/www/yii/framework/web/CController.php(291): CFilterChain->run()
#6 /var/www/yii/framework/web/CController.php(265): CController->runActionWithFilters(Object(CInlineAction), Array)
#7 /var/www/yii/framework/web/CWebApplication.php(282): CController->run('autocompleteRef...')
#8 /var/www/yii/framework/web/CWebApplication.php(141): CWebApplication->runController('match/autocompl...')
#9 /var/www/yii/framework/base/CApplication.php(169): CWebApplication->processRequest()
#10 /var/www/cluiche/index.php(13): CApplication->run()
#11 {main}
REQUEST_URI=/cluiche/index.php?r=match/autocompleteReferee&term=something
HTTP_REFERER=http://localhost/cluiche/index.php?r=match/create
---
2013/03/16 23:41:32 [error] [exception.CHttpException.403] exception 'CHttpException' with message 'You are not authorized to perform this action.' in /var/www/yii/framework/web/auth/CAccessControlFilter.php:179
Stack trace:
#0 /var/www/yii/framework/web/auth/CAccessControlFilter.php(142): CAccessControlFilter->accessDenied(Object(CWebUser), 'You are not aut...')
#1 /var/www/yii/framework/web/filters/CFilter.php(38): CAccessControlFilter->preFilter(Object(CFilterChain))
#2 /var/www/yii/framework/web/CController.php(1145): CFilter->filter(Object(CFilterChain))
#3 /var/www/yii/framework/web/filters/CInlineFilter.php(58): CController->filterAccessControl(Object(CFilterChain))
#4 /var/www/yii/framework/web/filters/CFilterChain.php(130): CInlineFilter->filter(Object(CFilterChain))
#5 /var/www/yii/framework/web/CController.php(291): CFilterChain->run()
#6 /var/www/yii/framework/web/CController.php(265): CController->runActionWithFilters(Object(CInlineAction), Array)
#7 /var/www/yii/framework/web/CWebApplication.php(282): CController->run('autocompleteRef...')
#8 /var/www/yii/framework/web/CWebApplication.php(141): CWebApplication->runController('match/autocompl...')
#9 /var/www/yii/framework/base/CApplication.php(169): CWebApplication->processRequest()
#10 /var/www/cluiche/index.php(13): CApplication->run()
#11 {main}
REQUEST_URI=/cluiche/index.php?r=match/autocompleteReferee&term=ac
HTTP_REFERER=http://localhost/cluiche/index.php?r=match/create
---
2013/03/16 23:44:56 [error] [exception.CHttpException.403] exception 'CHttpException' with message 'You are not authorized to perform this action.' in /var/www/yii/framework/web/auth/CAccessControlFilter.php:179
Stack trace:
#0 /var/www/yii/framework/web/auth/CAccessControlFilter.php(142): CAccessControlFilter->accessDenied(Object(CWebUser), 'You are not aut...')
#1 /var/www/yii/framework/web/filters/CFilter.php(38): CAccessControlFilter->preFilter(Object(CFilterChain))
#2 /var/www/yii/framework/web/CController.php(1145): CFilter->filter(Object(CFilterChain))
#3 /var/www/yii/framework/web/filters/CInlineFilter.php(58): CController->filterAccessControl(Object(CFilterChain))
#4 /var/www/yii/framework/web/filters/CFilterChain.php(130): CInlineFilter->filter(Object(CFilterChain))
#5 /var/www/yii/framework/web/CController.php(291): CFilterChain->run()
#6 /var/www/yii/framework/web/CController.php(265): CController->runActionWithFilters(Object(CInlineAction), Array)
#7 /var/www/yii/framework/web/CWebApplication.php(282): CController->run('autocompleteRef...')
#8 /var/www/yii/framework/web/CWebApplication.php(141): CWebApplication->runController('match/autocompl...')
#9 /var/www/yii/framework/base/CApplication.php(169): CWebApplication->processRequest()
#10 /var/www/cluiche/index.php(13): CApplication->run()
#11 {main}
REQUEST_URI=/cluiche/index.php?r=match/autocompleteReferee&term=a
HTTP_REFERER=http://localhost/cluiche/index.php?r=match/create
---
2013/03/16 23:45:37 [error] [exception.CHttpException.403] exception 'CHttpException' with message 'You are not authorized to perform this action.' in /var/www/yii/framework/web/auth/CAccessControlFilter.php:179
Stack trace:
#0 /var/www/yii/framework/web/auth/CAccessControlFilter.php(142): CAccessControlFilter->accessDenied(Object(CWebUser), 'You are not aut...')
#1 /var/www/yii/framework/web/filters/CFilter.php(38): CAccessControlFilter->preFilter(Object(CFilterChain))
#2 /var/www/yii/framework/web/CController.php(1145): CFilter->filter(Object(CFilterChain))
#3 /var/www/yii/framework/web/filters/CInlineFilter.php(58): CController->filterAccessControl(Object(CFilterChain))
#4 /var/www/yii/framework/web/filters/CFilterChain.php(130): CInlineFilter->filter(Object(CFilterChain))
#5 /var/www/yii/framework/web/CController.php(291): CFilterChain->run()
#6 /var/www/yii/framework/web/CController.php(265): CController->runActionWithFilters(Object(CInlineAction), Array)
#7 /var/www/yii/framework/web/CWebApplication.php(282): CController->run('autocompleteRef...')
#8 /var/www/yii/framework/web/CWebApplication.php(141): CWebApplication->runController('match/autocompl...')
#9 /var/www/yii/framework/base/CApplication.php(169): CWebApplication->processRequest()
#10 /var/www/cluiche/index.php(13): CApplication->run()
#11 {main}
REQUEST_URI=/cluiche/index.php?r=match/autocompleteReferee&term=p
HTTP_REFERER=http://localhost/cluiche/index.php?r=match/create
---
2013/03/16 23:51:00 [error] [exception.CHttpException.404] exception 'CHttpException' with message 'Unable to resolve the request "r=match/autocompleteReferee".' in /var/www/yii/framework/web/CWebApplication.php:286
Stack trace:
#0 /var/www/yii/framework/web/CWebApplication.php(141): CWebApplication->runController('r=match/autocom...')
#1 /var/www/yii/framework/base/CApplication.php(169): CWebApplication->processRequest()
#2 /var/www/cluiche/index.php(13): CApplication->run()
#3 {main}
REQUEST_URI=/cluiche/index.php?r=r=match/autocompleteReferee&term=a
HTTP_REFERER=http://localhost/cluiche/index.php?r=match/create
---
2013/03/17 00:09:19 [error] [exception.CHttpException.403] exception 'CHttpException' with message 'You are not authorized to perform this action.' in /var/www/yii/framework/web/auth/CAccessControlFilter.php:179
Stack trace:
#0 /var/www/yii/framework/web/auth/CAccessControlFilter.php(142): CAccessControlFilter->accessDenied(Object(CWebUser), 'You are not aut...')
#1 /var/www/yii/framework/web/filters/CFilter.php(38): CAccessControlFilter->preFilter(Object(CFilterChain))
#2 /var/www/yii/framework/web/CController.php(1145): CFilter->filter(Object(CFilterChain))
#3 /var/www/yii/framework/web/filters/CInlineFilter.php(58): CController->filterAccessControl(Object(CFilterChain))
#4 /var/www/yii/framework/web/filters/CFilterChain.php(130): CInlineFilter->filter(Object(CFilterChain))
#5 /var/www/yii/framework/web/CController.php(291): CFilterChain->run()
#6 /var/www/yii/framework/web/CController.php(265): CController->runActionWithFilters(Object(CInlineAction), Array)
#7 /var/www/yii/framework/web/CWebApplication.php(282): CController->run('autocompleteRef...')
#8 /var/www/yii/framework/web/CWebApplication.php(141): CWebApplication->runController('match/autocompl...')
#9 /var/www/yii/framework/base/CApplication.php(169): CWebApplication->processRequest()
#10 /var/www/cluiche/index.php(13): CApplication->run()
#11 {main}
REQUEST_URI=/cluiche/index.php?r=match/autocompleteReferee&term=a
HTTP_REFERER=http://localhost/cluiche/index.php?r=match/create
---
2013/03/17 00:12:18 [error] [exception.CHttpException.403] exception 'CHttpException' with message 'You are not authorized to perform this action.' in /var/www/yii/framework/web/auth/CAccessControlFilter.php:179
Stack trace:
#0 /var/www/yii/framework/web/auth/CAccessControlFilter.php(142): CAccessControlFilter->accessDenied(Object(CWebUser), 'You are not aut...')
#1 /var/www/yii/framework/web/filters/CFilter.php(38): CAccessControlFilter->preFilter(Object(CFilterChain))
#2 /var/www/yii/framework/web/CController.php(1145): CFilter->filter(Object(CFilterChain))
#3 /var/www/yii/framework/web/filters/CInlineFilter.php(58): CController->filterAccessControl(Object(CFilterChain))
#4 /var/www/yii/framework/web/filters/CFilterChain.php(130): CInlineFilter->filter(Object(CFilterChain))
#5 /var/www/yii/framework/web/CController.php(291): CFilterChain->run()
#6 /var/www/yii/framework/web/CController.php(265): CController->runActionWithFilters(Object(CInlineAction), Array)
#7 /var/www/yii/framework/web/CWebApplication.php(282): CController->run('autocompleteRef...')
#8 /var/www/yii/framework/web/CWebApplication.php(141): CWebApplication->runController('match/autocompl...')
#9 /var/www/yii/framework/base/CApplication.php(169): CWebApplication->processRequest()
#10 /var/www/cluiche/index.php(13): CApplication->run()
#11 {main}
REQUEST_URI=/cluiche/index.php?r=match/autocompleteReferee&term=a
HTTP_REFERER=http://localhost/cluiche/index.php?r=match/create
---
2013/03/17 00:12:20 [error] [exception.CHttpException.403] exception 'CHttpException' with message 'You are not authorized to perform this action.' in /var/www/yii/framework/web/auth/CAccessControlFilter.php:179
Stack trace:
#0 /var/www/yii/framework/web/auth/CAccessControlFilter.php(142): CAccessControlFilter->accessDenied(Object(CWebUser), 'You are not aut...')
#1 /var/www/yii/framework/web/filters/CFilter.php(38): CAccessControlFilter->preFilter(Object(CFilterChain))
#2 /var/www/yii/framework/web/CController.php(1145): CFilter->filter(Object(CFilterChain))
#3 /var/www/yii/framework/web/filters/CInlineFilter.php(58): CController->filterAccessControl(Object(CFilterChain))
#4 /var/www/yii/framework/web/filters/CFilterChain.php(130): CInlineFilter->filter(Object(CFilterChain))
#5 /var/www/yii/framework/web/CController.php(291): CFilterChain->run()
#6 /var/www/yii/framework/web/CController.php(265): CController->runActionWithFilters(Object(CInlineAction), Array)
#7 /var/www/yii/framework/web/CWebApplication.php(282): CController->run('autocompleteRef...')
#8 /var/www/yii/framework/web/CWebApplication.php(141): CWebApplication->runController('match/autocompl...')
#9 /var/www/yii/framework/base/CApplication.php(169): CWebApplication->processRequest()
#10 /var/www/cluiche/index.php(13): CApplication->run()
#11 {main}
REQUEST_URI=/cluiche/index.php?r=match/autocompleteReferee&term=ac
HTTP_REFERER=http://localhost/cluiche/index.php?r=match/create
---
2013/03/17 00:15:00 [error] [exception.CHttpException.403] exception 'CHttpException' with message 'You are not authorized to perform this action.' in /var/www/yii/framework/web/auth/CAccessControlFilter.php:179
Stack trace:
#0 /var/www/yii/framework/web/auth/CAccessControlFilter.php(142): CAccessControlFilter->accessDenied(Object(CWebUser), 'You are not aut...')
#1 /var/www/yii/framework/web/filters/CFilter.php(38): CAccessControlFilter->preFilter(Object(CFilterChain))
#2 /var/www/yii/framework/web/CController.php(1145): CFilter->filter(Object(CFilterChain))
#3 /var/www/yii/framework/web/filters/CInlineFilter.php(58): CController->filterAccessControl(Object(CFilterChain))
#4 /var/www/yii/framework/web/filters/CFilterChain.php(130): CInlineFilter->filter(Object(CFilterChain))
#5 /var/www/yii/framework/web/CController.php(291): CFilterChain->run()
#6 /var/www/yii/framework/web/CController.php(265): CController->runActionWithFilters(Object(CInlineAction), Array)
#7 /var/www/yii/framework/web/CWebApplication.php(282): CController->run('autocompleteRef...')
#8 /var/www/yii/framework/web/CWebApplication.php(141): CWebApplication->runController('match/autocompl...')
#9 /var/www/yii/framework/base/CApplication.php(169): CWebApplication->processRequest()
#10 /var/www/cluiche/index.php(13): CApplication->run()
#11 {main}
REQUEST_URI=/cluiche/index.php?r=match/autocompleteReferee&term=a
HTTP_REFERER=http://localhost/cluiche/index.php?r=match/create
---
2013/03/17 02:01:40 [error] [system.db.CDbCommand] CDbCommand::fetchAll() failed: SQLSTATE[HY093]: Invalid parameter number: parameter was not defined. The SQL statement executed was: SELECT name FROM referees WHERE name LIKE :name.
in /var/www/cluiche/protected/models/Referee.php (112)
in /var/www/cluiche/protected/controllers/MatchController.php (152)
in /var/www/cluiche/index.php (13)
2013/03/17 02:01:40 [error] [exception.CDbException] exception 'CDbException' with message 'CDbCommand failed to execute the SQL statement: SQLSTATE[HY093]: Invalid parameter number: parameter was not defined. The SQL statement executed was: SELECT name FROM referees WHERE name LIKE :name' in /var/www/yii/framework/db/CDbCommand.php:541
Stack trace:
#0 /var/www/yii/framework/db/CDbCommand.php(454): CDbCommand->queryInternal('fetchAll', Array, Array)
#1 /var/www/cluiche/protected/models/Referee.php(112): CDbCommand->queryColumn()
#2 /var/www/cluiche/protected/controllers/MatchController.php(152): Referee::refereesAutoComplete('p')
#3 /var/www/yii/framework/web/actions/CInlineAction.php(49): MatchController->actionAutocompleteReferee()
#4 /var/www/yii/framework/web/CController.php(308): CInlineAction->runWithParams(Array)
#5 /var/www/yii/framework/web/filters/CFilterChain.php(133): CController->runAction(Object(CInlineAction))
#6 /var/www/yii/framework/web/filters/CFilter.php(40): CFilterChain->run()
#7 /var/www/yii/framework/web/CController.php(1145): CFilter->filter(Object(CFilterChain))
#8 /var/www/yii/framework/web/filters/CInlineFilter.php(58): CController->filterAccessControl(Object(CFilterChain))
#9 /var/www/yii/framework/web/filters/CFilterChain.php(130): CInlineFilter->filter(Object(CFilterChain))
#10 /var/www/yii/framework/web/CController.php(291): CFilterChain->run()
#11 /var/www/yii/framework/web/CController.php(265): CController->runActionWithFilters(Object(CInlineAction), Array)
#12 /var/www/yii/framework/web/CWebApplication.php(282): CController->run('autocompleteRef...')
#13 /var/www/yii/framework/web/CWebApplication.php(141): CWebApplication->runController('match/autocompl...')
#14 /var/www/yii/framework/base/CApplication.php(169): CWebApplication->processRequest()
#15 /var/www/cluiche/index.php(13): CApplication->run()
#16 {main}
REQUEST_URI=/cluiche/index.php?r=match/autocompleteReferee&term=p
HTTP_REFERER=http://localhost/cluiche/index.php?r=match/create
---
2013/03/17 02:02:06 [error] [system.db.CDbCommand] CDbCommand::fetchAll() failed: SQLSTATE[HY093]: Invalid parameter number: parameter was not defined. The SQL statement executed was: SELECT name FROM referees WHERE name LIKE :name.
in /var/www/cluiche/protected/models/Referee.php (112)
in /var/www/cluiche/protected/controllers/MatchController.php (152)
in /var/www/cluiche/index.php (13)
2013/03/17 02:02:06 [error] [exception.CDbException] exception 'CDbException' with message 'CDbCommand failed to execute the SQL statement: SQLSTATE[HY093]: Invalid parameter number: parameter was not defined. The SQL statement executed was: SELECT name FROM referees WHERE name LIKE :name' in /var/www/yii/framework/db/CDbCommand.php:541
Stack trace:
#0 /var/www/yii/framework/db/CDbCommand.php(454): CDbCommand->queryInternal('fetchAll', Array, Array)
#1 /var/www/cluiche/protected/models/Referee.php(112): CDbCommand->queryColumn()
#2 /var/www/cluiche/protected/controllers/MatchController.php(152): Referee::refereesAutoComplete('P')
#3 /var/www/yii/framework/web/actions/CInlineAction.php(49): MatchController->actionAutocompleteReferee()
#4 /var/www/yii/framework/web/CController.php(308): CInlineAction->runWithParams(Array)
#5 /var/www/yii/framework/web/filters/CFilterChain.php(133): CController->runAction(Object(CInlineAction))
#6 /var/www/yii/framework/web/filters/CFilter.php(40): CFilterChain->run()
#7 /var/www/yii/framework/web/CController.php(1145): CFilter->filter(Object(CFilterChain))
#8 /var/www/yii/framework/web/filters/CInlineFilter.php(58): CController->filterAccessControl(Object(CFilterChain))
#9 /var/www/yii/framework/web/filters/CFilterChain.php(130): CInlineFilter->filter(Object(CFilterChain))
#10 /var/www/yii/framework/web/CController.php(291): CFilterChain->run()
#11 /var/www/yii/framework/web/CController.php(265): CController->runActionWithFilters(Object(CInlineAction), Array)
#12 /var/www/yii/framework/web/CWebApplication.php(282): CController->run('autocompleteRef...')
#13 /var/www/yii/framework/web/CWebApplication.php(141): CWebApplication->runController('match/autocompl...')
#14 /var/www/yii/framework/base/CApplication.php(169): CWebApplication->processRequest()
#15 /var/www/cluiche/index.php(13): CApplication->run()
#16 {main}
REQUEST_URI=/cluiche/index.php?r=match/autocompleteReferee&term=P
HTTP_REFERER=http://localhost/cluiche/index.php?r=match/create
---
2013/03/17 03:05:51 [error] [exception.CException] exception 'CException' with message 'Property "Match.referee_id" is not defined.' in /var/www/yii/framework/base/CComponent.php:130
Stack trace:
#0 /var/www/yii/framework/db/ar/CActiveRecord.php(143): CComponent->__get('referee_id')
#1 /var/www/yii/framework/web/helpers/CHtml.php(2255): CActiveRecord->__get('referee_id')
#2 /var/www/yii/framework/web/helpers/CHtml.php(1980): CHtml::resolveValue(Object(Match), 'referee_id')
#3 /var/www/yii/framework/web/helpers/CHtml.php(1372): CHtml::activeInputField('hidden', Object(Match), 'referee_id', Array)
#4 /var/www/yii/framework/web/widgets/CActiveForm.php(672): CHtml::activeHiddenField(Object(Match), 'referee_id', Array)
#5 /var/www/cluiche/protected/views/match/_form.php(123): CActiveForm->hiddenField(Object(Match), 'referee_id', Array)
#6 /var/www/yii/framework/web/CBaseController.php(126): require('/var/www/cluich...')
#7 /var/www/yii/framework/web/CBaseController.php(95): CBaseController->renderInternal('/var/www/cluich...', Array, true)
#8 /var/www/yii/framework/web/CController.php(869): CBaseController->renderFile('/var/www/cluich...', Array, true)
#9 /var/www/cluiche/protected/views/match/create.php(18): CController->renderPartial('_form', Array)
#10 /var/www/yii/framework/web/CBaseController.php(126): require('/var/www/cluich...')
#11 /var/www/yii/framework/web/CBaseController.php(95): CBaseController->renderInternal('/var/www/cluich...', Array, true)
#12 /var/www/yii/framework/web/CController.php(869): CBaseController->renderFile('/var/www/cluich...', Array, true)
#13 /var/www/yii/framework/web/CController.php(782): CController->renderPartial('create', Array, true)
#14 /var/www/cluiche/protected/controllers/MatchController.php(79): CController->render('create', Array)
#15 /var/www/yii/framework/web/actions/CInlineAction.php(49): MatchController->actionCreate()
#16 /var/www/yii/framework/web/CController.php(308): CInlineAction->runWithParams(Array)
#17 /var/www/yii/framework/web/filters/CFilterChain.php(133): CController->runAction(Object(CInlineAction))
#18 /var/www/yii/framework/web/filters/CFilter.php(40): CFilterChain->run()
#19 /var/www/yii/framework/web/CController.php(1145): CFilter->filter(Object(CFilterChain))
#20 /var/www/yii/framework/web/filters/CInlineFilter.php(58): CController->filterAccessControl(Object(CFilterChain))
#21 /var/www/yii/framework/web/filters/CFilterChain.php(130): CInlineFilter->filter(Object(CFilterChain))
#22 /var/www/yii/framework/web/CController.php(291): CFilterChain->run()
#23 /var/www/yii/framework/web/CController.php(265): CController->runActionWithFilters(Object(CInlineAction), Array)
#24 /var/www/yii/framework/web/CWebApplication.php(282): CController->run('create')
#25 /var/www/yii/framework/web/CWebApplication.php(141): CWebApplication->runController('match/create')
#26 /var/www/yii/framework/base/CApplication.php(169): CWebApplication->processRequest()
#27 /var/www/cluiche/index.php(13): CApplication->run()
#28 {main}
REQUEST_URI=/cluiche/index.php?r=match/create
HTTP_REFERER=http://localhost/cluiche/index.php?r=match/index
---
2013/03/17 20:58:48 [error] [exception.CException] exception 'CException' with message 'Property "Match.ref_county" is not defined.' in /var/www/yii/framework/base/CComponent.php:130
Stack trace:
#0 /var/www/yii/framework/db/ar/CActiveRecord.php(143): CComponent->__get('ref_county')
#1 /var/www/yii/framework/web/helpers/CHtml.php(2255): CActiveRecord->__get('ref_county')
#2 /var/www/yii/framework/web/helpers/CHtml.php(1980): CHtml::resolveValue(Object(Match), 'ref_county')
#3 /var/www/yii/framework/web/helpers/CHtml.php(1257): CHtml::activeInputField('text', Object(Match), 'ref_county', Array)
#4 /var/www/yii/framework/web/widgets/CActiveForm.php(657): CHtml::activeTextField(Object(Match), 'ref_county', Array)
#5 /var/www/cluiche/protected/views/match/_form.php(144): CActiveForm->textField(Object(Match), 'ref_county', Array)
#6 /var/www/yii/framework/web/CBaseController.php(126): require('/var/www/cluich...')
#7 /var/www/yii/framework/web/CBaseController.php(95): CBaseController->renderInternal('/var/www/cluich...', Array, true)
#8 /var/www/yii/framework/web/CController.php(869): CBaseController->renderFile('/var/www/cluich...', Array, true)
#9 /var/www/cluiche/protected/views/match/update.php(21): CController->renderPartial('_form', Array)
#10 /var/www/yii/framework/web/CBaseController.php(126): require('/var/www/cluich...')
#11 /var/www/yii/framework/web/CBaseController.php(95): CBaseController->renderInternal('/var/www/cluich...', Array, true)
#12 /var/www/yii/framework/web/CController.php(869): CBaseController->renderFile('/var/www/cluich...', Array, true)
#13 /var/www/yii/framework/web/CController.php(782): CController->renderPartial('update', Array, true)
#14 /var/www/cluiche/protected/controllers/MatchController.php(103): CController->render('update', Array)
#15 [internal function]: MatchController->actionUpdate('1')
#16 /var/www/yii/framework/web/actions/CAction.php(108): ReflectionMethod->invokeArgs(Object(MatchController), Array)
#17 /var/www/yii/framework/web/actions/CInlineAction.php(47): CAction->runWithParamsInternal(Object(MatchController), Object(ReflectionMethod), Array)
#18 /var/www/yii/framework/web/CController.php(308): CInlineAction->runWithParams(Array)
#19 /var/www/yii/framework/web/filters/CFilterChain.php(133): CController->runAction(Object(CInlineAction))
#20 /var/www/yii/framework/web/filters/CFilter.php(40): CFilterChain->run()
#21 /var/www/yii/framework/web/CController.php(1145): CFilter->filter(Object(CFilterChain))
#22 /var/www/yii/framework/web/filters/CInlineFilter.php(58): CController->filterAccessControl(Object(CFilterChain))
#23 /var/www/yii/framework/web/filters/CFilterChain.php(130): CInlineFilter->filter(Object(CFilterChain))
#24 /var/www/yii/framework/web/CController.php(291): CFilterChain->run()
#25 /var/www/yii/framework/web/CController.php(265): CController->runActionWithFilters(Object(CInlineAction), Array)
#26 /var/www/yii/framework/web/CWebApplication.php(282): CController->run('update')
#27 /var/www/yii/framework/web/CWebApplication.php(141): CWebApplication->runController('match/update')
#28 /var/www/yii/framework/base/CApplication.php(169): CWebApplication->processRequest()
#29 /var/www/cluiche/index.php(13): CApplication->run()
#30 {main}
REQUEST_URI=/cluiche/index.php?r=match/update&id=1
HTTP_REFERER=http://localhost/cluiche/index.php?r=match/view&id=1
---
2013/03/17 21:04:11 [error] [exception.CHttpException.404] exception 'CHttpException' with message 'The system is unable to find the requested action "autocompleteReferee".' in /var/www/yii/framework/web/CController.php:483
Stack trace:
#0 /var/www/yii/framework/web/CController.php(270): CController->missingAction('autocompleteRef...')
#1 /var/www/yii/framework/web/CWebApplication.php(282): CController->run('autocompleteRef...')
#2 /var/www/yii/framework/web/CWebApplication.php(141): CWebApplication->runController('match/autocompl...')
#3 /var/www/yii/framework/base/CApplication.php(169): CWebApplication->processRequest()
#4 /var/www/cluiche/index.php(13): CApplication->run()
#5 {main}
REQUEST_URI=/cluiche/index.php?r=match/autocompleteReferee&term=p
HTTP_REFERER=http://localhost/cluiche/index.php?r=match/update&id=1
---
2013/03/17 21:04:16 [error] [exception.CHttpException.404] exception 'CHttpException' with message 'The system is unable to find the requested action "autocompleteReferee".' in /var/www/yii/framework/web/CController.php:483
Stack trace:
#0 /var/www/yii/framework/web/CController.php(270): CController->missingAction('autocompleteRef...')
#1 /var/www/yii/framework/web/CWebApplication.php(282): CController->run('autocompleteRef...')
#2 /var/www/yii/framework/web/CWebApplication.php(141): CWebApplication->runController('match/autocompl...')
#3 /var/www/yii/framework/base/CApplication.php(169): CWebApplication->processRequest()
#4 /var/www/cluiche/index.php(13): CApplication->run()
#5 {main}
REQUEST_URI=/cluiche/index.php?r=match/autocompleteReferee&term=p
HTTP_REFERER=http://localhost/cluiche/index.php?r=match/update&id=1
---
2013/03/17 21:05:52 [error] [exception.CHttpException.404] exception 'CHttpException' with message 'The system is unable to find the requested action "autocompleteReferee".' in /var/www/yii/framework/web/CController.php:483
Stack trace:
#0 /var/www/yii/framework/web/CController.php(270): CController->missingAction('autocompleteRef...')
#1 /var/www/yii/framework/web/CWebApplication.php(282): CController->run('autocompleteRef...')
#2 /var/www/yii/framework/web/CWebApplication.php(141): CWebApplication->runController('match/autocompl...')
#3 /var/www/yii/framework/base/CApplication.php(169): CWebApplication->processRequest()
#4 /var/www/cluiche/index.php(13): CApplication->run()
#5 {main}
REQUEST_URI=/cluiche/index.php?r=match/autocompleteReferee&term=p
HTTP_REFERER=http://localhost/cluiche/index.php?r=match/update&id=1
---
2013/03/17 21:51:14 [error] [exception.CHttpException.403] exception 'CHttpException' with message 'You are not authorized to perform this action.' in /var/www/yii/framework/web/auth/CAccessControlFilter.php:179
Stack trace:
#0 /var/www/yii/framework/web/auth/CAccessControlFilter.php(142): CAccessControlFilter->accessDenied(Object(CWebUser), 'You are not aut...')
#1 /var/www/yii/framework/web/filters/CFilter.php(38): CAccessControlFilter->preFilter(Object(CFilterChain))
#2 /var/www/yii/framework/web/CController.php(1145): CFilter->filter(Object(CFilterChain))
#3 /var/www/yii/framework/web/filters/CInlineFilter.php(58): CController->filterAccessControl(Object(CFilterChain))
#4 /var/www/yii/framework/web/filters/CFilterChain.php(130): CInlineFilter->filter(Object(CFilterChain))
#5 /var/www/yii/framework/web/CController.php(291): CFilterChain->run()
#6 /var/www/yii/framework/web/CController.php(265): CController->runActionWithFilters(Object(CInlineAction), Array)
#7 /var/www/yii/framework/web/CWebApplication.php(282): CController->run('autocompleteRef...')
#8 /var/www/yii/framework/web/CWebApplication.php(141): CWebApplication->runController('match/autocompl...')
#9 /var/www/yii/framework/base/CApplication.php(169): CWebApplication->processRequest()
#10 /var/www/cluiche/index.php(13): CApplication->run()
#11 {main}
REQUEST_URI=/cluiche/index.php?r=match/autocompleteReferee&term=p
HTTP_REFERER=http://localhost/cluiche/index.php?r=match/update&id=1
---
2013/03/17 23:45:56 [error] [php] Trying to get property of non-object (/var/www/cluiche/protected/views/match/view.php:41)
Stack trace:
#0 /var/www/yii/framework/web/CController.php(869): MatchController->renderFile()
#1 /var/www/yii/framework/web/CController.php(782): MatchController->renderPartial()
#2 /var/www/cluiche/protected/controllers/MatchController.php(56): MatchController->render()
#3 unknown(0): MatchController->actionView()
#4 /var/www/yii/framework/web/actions/CAction.php(108): ReflectionMethod->invokeArgs()
#5 /var/www/yii/framework/web/actions/CInlineAction.php(47): CInlineAction->runWithParamsInternal()
#6 /var/www/yii/framework/web/CController.php(308): CInlineAction->runWithParams()
#7 /var/www/yii/framework/web/filters/CFilterChain.php(133): MatchController->runAction()
#8 /var/www/yii/framework/web/filters/CFilter.php(40): CFilterChain->run()
#9 /var/www/yii/framework/web/CController.php(1145): CAccessControlFilter->filter()
#10 /var/www/yii/framework/web/filters/CInlineFilter.php(58): MatchController->filterAccessControl()
#11 /var/www/yii/framework/web/filters/CFilterChain.php(130): CInlineFilter->filter()
#12 /var/www/yii/framework/web/CController.php(291): CFilterChain->run()
#13 /var/www/yii/framework/web/CController.php(265): MatchController->runActionWithFilters()
#14 /var/www/yii/framework/web/CWebApplication.php(282): MatchController->run()
#15 /var/www/yii/framework/web/CWebApplication.php(141): CWebApplication->runController()
#16 /var/www/yii/framework/base/CApplication.php(169): CWebApplication->processRequest()
#17 /var/www/cluiche/index.php(13): CWebApplication->run()
REQUEST_URI=/cluiche/index.php?r=match/view&id=3
in /var/www/cluiche/protected/views/match/view.php (41)
in /var/www/cluiche/protected/controllers/MatchController.php (56)
in /var/www/cluiche/index.php (13)
2013/03/17 23:46:28 [error] [php] Trying to get property of non-object (/var/www/cluiche/protected/views/match/view.php:41)
Stack trace:
#0 /var/www/yii/framework/web/CController.php(869): MatchController->renderFile()
#1 /var/www/yii/framework/web/CController.php(782): MatchController->renderPartial()
#2 /var/www/cluiche/protected/controllers/MatchController.php(56): MatchController->render()
#3 unknown(0): MatchController->actionView()
#4 /var/www/yii/framework/web/actions/CAction.php(108): ReflectionMethod->invokeArgs()
#5 /var/www/yii/framework/web/actions/CInlineAction.php(47): CInlineAction->runWithParamsInternal()
#6 /var/www/yii/framework/web/CController.php(308): CInlineAction->runWithParams()
#7 /var/www/yii/framework/web/filters/CFilterChain.php(133): MatchController->runAction()
#8 /var/www/yii/framework/web/filters/CFilter.php(40): CFilterChain->run()
#9 /var/www/yii/framework/web/CController.php(1145): CAccessControlFilter->filter()
#10 /var/www/yii/framework/web/filters/CInlineFilter.php(58): MatchController->filterAccessControl()
#11 /var/www/yii/framework/web/filters/CFilterChain.php(130): CInlineFilter->filter()
#12 /var/www/yii/framework/web/CController.php(291): CFilterChain->run()
#13 /var/www/yii/framework/web/CController.php(265): MatchController->runActionWithFilters()
#14 /var/www/yii/framework/web/CWebApplication.php(282): MatchController->run()
#15 /var/www/yii/framework/web/CWebApplication.php(141): CWebApplication->runController()
#16 /var/www/yii/framework/base/CApplication.php(169): CWebApplication->processRequest()
#17 /var/www/cluiche/index.php(13): CWebApplication->run()
REQUEST_URI=/cluiche/index.php?r=match/view&id=3
in /var/www/cluiche/protected/views/match/view.php (41)
in /var/www/cluiche/protected/controllers/MatchController.php (56)
in /var/www/cluiche/index.php (13)
2013/03/19 01:47:35 [error] [php] Trying to get property of non-object (/var/www/cluiche/protected/views/match/_form.php:115)
Stack trace:
#0 /var/www/yii/framework/web/CController.php(869): MatchController->renderFile()
#1 /var/www/cluiche/protected/views/match/update.php(21): MatchController->renderPartial()
#2 /var/www/yii/framework/web/CBaseController.php(126): require()
#3 /var/www/yii/framework/web/CBaseController.php(95): MatchController->renderInternal()
#4 /var/www/yii/framework/web/CController.php(869): MatchController->renderFile()
#5 /var/www/yii/framework/web/CController.php(782): MatchController->renderPartial()
#6 /var/www/cluiche/protected/controllers/MatchController.php(103): MatchController->render()
#7 unknown(0): MatchController->actionUpdate()
#8 /var/www/yii/framework/web/actions/CAction.php(108): ReflectionMethod->invokeArgs()
#9 /var/www/yii/framework/web/actions/CInlineAction.php(47): CInlineAction->runWithParamsInternal()
#10 /var/www/yii/framework/web/CController.php(308): CInlineAction->runWithParams()
#11 /var/www/yii/framework/web/filters/CFilterChain.php(133): MatchController->runAction()
#12 /var/www/yii/framework/web/filters/CFilter.php(40): CFilterChain->run()
#13 /var/www/yii/framework/web/CController.php(1145): CAccessControlFilter->filter()
#14 /var/www/yii/framework/web/filters/CInlineFilter.php(58): MatchController->filterAccessControl()
#15 /var/www/yii/framework/web/filters/CFilterChain.php(130): CInlineFilter->filter()
#16 /var/www/yii/framework/web/CController.php(291): CFilterChain->run()
#17 /var/www/yii/framework/web/CController.php(265): MatchController->runActionWithFilters()
#18 /var/www/yii/framework/web/CWebApplication.php(282): MatchController->run()
#19 /var/www/yii/framework/web/CWebApplication.php(141): CWebApplication->runController()
#20 /var/www/yii/framework/base/CApplication.php(169): CWebApplication->processRequest()
#21 /var/www/cluiche/index.php(13): CWebApplication->run()
REQUEST_URI=/cluiche/index.php?r=match/update&id=1
in /var/www/cluiche/protected/views/match/_form.php (115)
in /var/www/cluiche/protected/views/match/update.php (21)
in /var/www/cluiche/protected/controllers/MatchController.php (103)
